<?xml version="1.0" encoding="UTF-8"?>
<testsuite xmlns:xsi="http://www.w3.org/2001/XMLSchema-instance" xsi:noNamespaceSchemaLocation="https://maven.apache.org/surefire/maven-surefire-plugin/xsd/surefire-test-report-3.0.xsd" version="3.0" name="BasicsTest" time="15.738" tests="7" errors="0" skipped="0" failures="1">
  <properties>
    <property name="java.specification.version" value="20"/>
    <property name="sun.cpu.isalist" value="amd64"/>
    <property name="sun.jnu.encoding" value="Cp1252"/>
    <property name="java.class.path" value="C:\Users\nishith.in_jai-kisan\eclipse-workspace\Practiceproject\target\test-classes;C:\Users\nishith.in_jai-kisan\eclipse-workspace\Practiceproject\target\classes;C:\Users\nishith.in_jai-kisan\.m2\repository\io\rest-assured\rest-assured\4.4.0\rest-assured-4.4.0.jar;C:\Users\nishith.in_jai-kisan\.m2\repository\org\codehaus\groovy\groovy\3.0.8\groovy-3.0.8.jar;C:\Users\nishith.in_jai-kisan\.m2\repository\org\codehaus\groovy\groovy-xml\3.0.8\groovy-xml-3.0.8.jar;C:\Users\nishith.in_jai-kisan\.m2\repository\org\apache\httpcomponents\httpclient\4.5.13\httpclient-4.5.13.jar;C:\Users\nishith.in_jai-kisan\.m2\repository\org\apache\httpcomponents\httpcore\4.4.13\httpcore-4.4.13.jar;C:\Users\nishith.in_jai-kisan\.m2\repository\commons-logging\commons-logging\1.2\commons-logging-1.2.jar;C:\Users\nishith.in_jai-kisan\.m2\repository\commons-codec\commons-codec\1.11\commons-codec-1.11.jar;C:\Users\nishith.in_jai-kisan\.m2\repository\org\apache\httpcomponents\httpmime\4.5.13\httpmime-4.5.13.jar;C:\Users\nishith.in_jai-kisan\.m2\repository\org\hamcrest\hamcrest\2.1\hamcrest-2.1.jar;C:\Users\nishith.in_jai-kisan\.m2\repository\org\ccil\cowan\tagsoup\tagsoup\1.2.1\tagsoup-1.2.1.jar;C:\Users\nishith.in_jai-kisan\.m2\repository\io\rest-assured\json-path\4.4.0\json-path-4.4.0.jar;C:\Users\nishith.in_jai-kisan\.m2\repository\org\codehaus\groovy\groovy-json\3.0.8\groovy-json-3.0.8.jar;C:\Users\nishith.in_jai-kisan\.m2\repository\io\rest-assured\rest-assured-common\4.4.0\rest-assured-common-4.4.0.jar;C:\Users\nishith.in_jai-kisan\.m2\repository\io\rest-assured\xml-path\4.4.0\xml-path-4.4.0.jar;C:\Users\nishith.in_jai-kisan\.m2\repository\org\apache\commons\commons-lang3\3.11\commons-lang3-3.11.jar;C:\Users\nishith.in_jai-kisan\.m2\repository\jakarta\xml\bind\jakarta.xml.bind-api\2.3.3\jakarta.xml.bind-api-2.3.3.jar;C:\Users\nishith.in_jai-kisan\.m2\repository\jakarta\activation\jakarta.activation-api\1.2.2\jakarta.activation-api-1.2.2.jar;C:\Users\nishith.in_jai-kisan\.m2\repository\com\sun\xml\bind\jaxb-impl\2.3.3\jaxb-impl-2.3.3.jar;C:\Users\nishith.in_jai-kisan\.m2\repository\org\projectlombok\lombok\1.18.24\lombok-1.18.24.jar;C:\Users\nishith.in_jai-kisan\.m2\repository\org\json\json\20210307\json-20210307.jar;C:\Users\nishith.in_jai-kisan\.m2\repository\org\testng\testng\7.4.0\testng-7.4.0.jar;C:\Users\nishith.in_jai-kisan\.m2\repository\com\beust\jcommander\1.78\jcommander-1.78.jar;C:\Users\nishith.in_jai-kisan\.m2\repository\org\webjars\jquery\3.5.1\jquery-3.5.1.jar;C:\Users\nishith.in_jai-kisan\.m2\repository\com\aventstack\extentreports\4.1.6\extentreports-4.1.6.jar;C:\Users\nishith.in_jai-kisan\.m2\repository\org\freemarker\freemarker\2.3.29\freemarker-2.3.29.jar;C:\Users\nishith.in_jai-kisan\.m2\repository\com\google\code\gson\gson\2.8.6\gson-2.8.6.jar;C:\Users\nishith.in_jai-kisan\.m2\repository\org\mongodb\mongodb-driver\3.12.0\mongodb-driver-3.12.0.jar;C:\Users\nishith.in_jai-kisan\.m2\repository\org\mongodb\mongodb-driver-core\3.12.0\mongodb-driver-core-3.12.0.jar;C:\Users\nishith.in_jai-kisan\.m2\repository\org\mongodb\bson\3.12.0\bson-3.12.0.jar;C:\Users\nishith.in_jai-kisan\.m2\repository\com\sun\mail\javax.mail\1.6.2\javax.mail-1.6.2.jar;C:\Users\nishith.in_jai-kisan\.m2\repository\javax\activation\activation\1.1\activation-1.1.jar;"/>
    <property name="java.vm.vendor" value="Oracle Corporation"/>
    <property name="sun.arch.data.model" value="64"/>
    <property name="user.variant" value=""/>
    <property name="java.vendor.url" value="https://java.oracle.com/"/>
    <property name="user.timezone" value="Asia/Calcutta"/>
    <property name="os.name" value="Windows 11"/>
    <property name="java.vm.specification.version" value="20"/>
    <property name="sun.java.launcher" value="SUN_STANDARD"/>
    <property name="user.country" value="US"/>
    <property name="sun.boot.library.path" value="C:\Tools\Java\bin"/>
    <property name="sun.java.command" value="C:\Users\nishith.in_jai-kisan\AppData\Local\Temp\surefire10184249794983730895\surefirebooter-20240703113825599_3.jar C:\Users\nishith.in_jai-kisan\AppData\Local\Temp\surefire10184249794983730895 2024-07-03T11-38-25_395-jvmRun1 surefire-20240703113825599_1tmp surefire_0-20240703113825599_2tmp"/>
    <property name="jdk.debug" value="release"/>
    <property name="surefire.test.class.path" value="C:\Users\nishith.in_jai-kisan\eclipse-workspace\Practiceproject\target\test-classes;C:\Users\nishith.in_jai-kisan\eclipse-workspace\Practiceproject\target\classes;C:\Users\nishith.in_jai-kisan\.m2\repository\io\rest-assured\rest-assured\4.4.0\rest-assured-4.4.0.jar;C:\Users\nishith.in_jai-kisan\.m2\repository\org\codehaus\groovy\groovy\3.0.8\groovy-3.0.8.jar;C:\Users\nishith.in_jai-kisan\.m2\repository\org\codehaus\groovy\groovy-xml\3.0.8\groovy-xml-3.0.8.jar;C:\Users\nishith.in_jai-kisan\.m2\repository\org\apache\httpcomponents\httpclient\4.5.13\httpclient-4.5.13.jar;C:\Users\nishith.in_jai-kisan\.m2\repository\org\apache\httpcomponents\httpcore\4.4.13\httpcore-4.4.13.jar;C:\Users\nishith.in_jai-kisan\.m2\repository\commons-logging\commons-logging\1.2\commons-logging-1.2.jar;C:\Users\nishith.in_jai-kisan\.m2\repository\commons-codec\commons-codec\1.11\commons-codec-1.11.jar;C:\Users\nishith.in_jai-kisan\.m2\repository\org\apache\httpcomponents\httpmime\4.5.13\httpmime-4.5.13.jar;C:\Users\nishith.in_jai-kisan\.m2\repository\org\hamcrest\hamcrest\2.1\hamcrest-2.1.jar;C:\Users\nishith.in_jai-kisan\.m2\repository\org\ccil\cowan\tagsoup\tagsoup\1.2.1\tagsoup-1.2.1.jar;C:\Users\nishith.in_jai-kisan\.m2\repository\io\rest-assured\json-path\4.4.0\json-path-4.4.0.jar;C:\Users\nishith.in_jai-kisan\.m2\repository\org\codehaus\groovy\groovy-json\3.0.8\groovy-json-3.0.8.jar;C:\Users\nishith.in_jai-kisan\.m2\repository\io\rest-assured\rest-assured-common\4.4.0\rest-assured-common-4.4.0.jar;C:\Users\nishith.in_jai-kisan\.m2\repository\io\rest-assured\xml-path\4.4.0\xml-path-4.4.0.jar;C:\Users\nishith.in_jai-kisan\.m2\repository\org\apache\commons\commons-lang3\3.11\commons-lang3-3.11.jar;C:\Users\nishith.in_jai-kisan\.m2\repository\jakarta\xml\bind\jakarta.xml.bind-api\2.3.3\jakarta.xml.bind-api-2.3.3.jar;C:\Users\nishith.in_jai-kisan\.m2\repository\jakarta\activation\jakarta.activation-api\1.2.2\jakarta.activation-api-1.2.2.jar;C:\Users\nishith.in_jai-kisan\.m2\repository\com\sun\xml\bind\jaxb-impl\2.3.3\jaxb-impl-2.3.3.jar;C:\Users\nishith.in_jai-kisan\.m2\repository\org\projectlombok\lombok\1.18.24\lombok-1.18.24.jar;C:\Users\nishith.in_jai-kisan\.m2\repository\org\json\json\20210307\json-20210307.jar;C:\Users\nishith.in_jai-kisan\.m2\repository\org\testng\testng\7.4.0\testng-7.4.0.jar;C:\Users\nishith.in_jai-kisan\.m2\repository\com\beust\jcommander\1.78\jcommander-1.78.jar;C:\Users\nishith.in_jai-kisan\.m2\repository\org\webjars\jquery\3.5.1\jquery-3.5.1.jar;C:\Users\nishith.in_jai-kisan\.m2\repository\com\aventstack\extentreports\4.1.6\extentreports-4.1.6.jar;C:\Users\nishith.in_jai-kisan\.m2\repository\org\freemarker\freemarker\2.3.29\freemarker-2.3.29.jar;C:\Users\nishith.in_jai-kisan\.m2\repository\com\google\code\gson\gson\2.8.6\gson-2.8.6.jar;C:\Users\nishith.in_jai-kisan\.m2\repository\org\mongodb\mongodb-driver\3.12.0\mongodb-driver-3.12.0.jar;C:\Users\nishith.in_jai-kisan\.m2\repository\org\mongodb\mongodb-driver-core\3.12.0\mongodb-driver-core-3.12.0.jar;C:\Users\nishith.in_jai-kisan\.m2\repository\org\mongodb\bson\3.12.0\bson-3.12.0.jar;C:\Users\nishith.in_jai-kisan\.m2\repository\com\sun\mail\javax.mail\1.6.2\javax.mail-1.6.2.jar;C:\Users\nishith.in_jai-kisan\.m2\repository\javax\activation\activation\1.1\activation-1.1.jar;"/>
    <property name="sun.cpu.endian" value="little"/>
    <property name="user.home" value="C:\Users\nishith.in_jai-kisan"/>
    <property name="user.language" value="en"/>
    <property name="java.specification.vendor" value="Oracle Corporation"/>
    <property name="java.version.date" value="2023-03-21"/>
    <property name="java.home" value="C:\Tools\Java"/>
    <property name="file.separator" value="\"/>
    <property name="basedir" value="C:\Users\nishith.in_jai-kisan\eclipse-workspace\Practiceproject"/>
    <property name="java.vm.compressedOopsMode" value="Zero based"/>
    <property name="line.separator" value="&#10;"/>
    <property name="java.vm.specification.vendor" value="Oracle Corporation"/>
    <property name="java.specification.name" value="Java Platform API Specification"/>
    <property name="surefire.real.class.path" value="C:\Users\nishith.in_jai-kisan\AppData\Local\Temp\surefire10184249794983730895\surefirebooter-20240703113825599_3.jar"/>
    <property name="user.script" value=""/>
    <property name="sun.management.compiler" value="HotSpot 64-Bit Tiered Compilers"/>
    <property name="java.runtime.version" value="20+36-2344"/>
    <property name="user.name" value="nishith.in_jai-kisan"/>
    <property name="stdout.encoding" value="Cp1252"/>
    <property name="path.separator" value=";"/>
    <property name="os.version" value="10.0"/>
    <property name="java.runtime.name" value="Java(TM) SE Runtime Environment"/>
    <property name="file.encoding" value="UTF-8"/>
    <property name="java.vm.name" value="Java HotSpot(TM) 64-Bit Server VM"/>
    <property name="localRepository" value="C:\Users\nishith.in_jai-kisan\.m2\repository"/>
    <property name="java.vendor.url.bug" value="https://bugreport.java.com/bugreport/"/>
    <property name="java.io.tmpdir" value="C:\Users\NISHIT~1.IN_\AppData\Local\Temp\"/>
    <property name="java.version" value="20"/>
    <property name="user.dir" value="C:\Users\nishith.in_jai-kisan\eclipse-workspace\Practiceproject"/>
    <property name="os.arch" value="amd64"/>
    <property name="java.vm.specification.name" value="Java Virtual Machine Specification"/>
    <property name="sun.os.patch.level" value=""/>
    <property name="native.encoding" value="Cp1252"/>
    <property name="java.library.path" value="C:\Tools\Java\bin;C:\WINDOWS\Sun\Java\bin;C:\WINDOWS\system32;C:\WINDOWS;C:\Program Files\Python310\Scripts\;C:\Program Files\Python310\;C:\Program Files\Common Files\Oracle\Java\javapath;C:\Program Files (x86)\Common Files\Oracle\Java\javapath;C:\Python310\Scripts\;C:\Python310\;C:\Program Files\Java\bin;C:\Program Files\Git\bin;C:\WINDOWS\system32;C:\WINDOWS;C:\WINDOWS\System32\Wbem;C:\WINDOWS\System32\WindowsPowerShell\v1.0\;C:\WINDOWS\System32\OpenSSH\;C:\Program Files\Java\jdk-11.0.14\bin;C:\Users\nishith.in_jai-kisan\Documents\node_modules\.bin;C:\ProgramData\chocolatey\bin;C:\Tools\apache-jmeter-5.5\apache-jmeter-5.5\bin;%JAVA_HOME%bin;C:\Tools\apache-maven-3.9.6\bin;C:\Program Files\nodejs\;C:\Users\nishith.in_jai-kisan\AppData\Local\Microsoft\WindowsApps;C:\Users\nishith.in_jai-kisan\AppData\Local\Programs\Microsoft VS Code\bin;C:\Users\nishith.in_jai-kisan\AppData\Local\GitHubDesktop\bin;C:\Users\nishith.in_jai-kisan\Desktop\git\cmd;C:\Users\nishith.in_jai-kisan\AppData\Roaming\npm;C:\Tools\apache-maven-3.9.6\bin;;."/>
    <property name="java.vm.info" value="mixed mode, sharing"/>
    <property name="stderr.encoding" value="Cp1252"/>
    <property name="java.vendor" value="Oracle Corporation"/>
    <property name="java.vm.version" value="20+36-2344"/>
    <property name="sun.io.unicode.encoding" value="UnicodeLittle"/>
    <property name="java.class.version" value="64.0"/>
  </properties>
  <testcase name="testBkPaymentLink" classname="BasicsTest" time="6.122">
    <system-out><![CDATA[HTTP/1.1 200 OK
Content-Type: application/json; charset=UTF-8
Vary: Origin
Vary: X-Origin
Vary: Referer
Content-Encoding: gzip
Date: Wed, 03 Jul 2024 06:08:27 GMT
Server: ESF
Cache-Control: private
X-XSS-Protection: 0
X-Frame-Options: SAMEORIGIN
X-Content-Type-Options: nosniff
Alt-Svc: h3=":443"; ma=2592000,h3-29=":443"; ma=2592000
Transfer-Encoding: chunked

{
    "sessionInfo": "AD8T5Is2CepsVHDvxd5uhi9-sAtXI33LP4l0reyK4-qbZ_RffTDXcZR_P58wpqQugMf1yVzeiO0iCNy1HfFJy8Kvh9wfCTf-BN4dda3ChiXNmUm5H4MHA0M8jl-snHaUIMDFkOe2Eh9cw69ExwCLHp7qbAlxVbmlSA"
}
HTTP/1.1 200 OK
Content-Type: application/json; charset=UTF-8
Vary: Origin
Vary: X-Origin
Vary: Referer
Content-Encoding: gzip
Date: Wed, 03 Jul 2024 06:08:28 GMT
Server: ESF
Cache-Control: private
X-XSS-Protection: 0
X-Frame-Options: SAMEORIGIN
X-Content-Type-Options: nosniff
Alt-Svc: h3=":443"; ma=2592000,h3-29=":443"; ma=2592000
Transfer-Encoding: chunked

{
    "idToken": "eyJhbGciOiJSUzI1NiIsImtpZCI6Ijc5M2Y3N2Q0N2ViOTBiZjRiYTA5YjBiNWFkYzk2ODRlZTg1NzJlZTYiLCJ0eXAiOiJKV1QifQ.eyJuYW1lIjoiYmsgdGVzdCIsInBpY3R1cmUiOiJodHRwczovL3VhdC1hc3NldHMuYmhhcmF0a2hhdGEuY29tL2VlODcxYmM2LTNmOGYtNDg1MC04N2Y1LTlkZmY0NDg1YmY4OC5qcGciLCJpc3MiOiJodHRwczovL3NlY3VyZXRva2VuLmdvb2dsZS5jb20vYmhhcmF0a2hhdGEtdWF0IiwiYXVkIjoiYmhhcmF0a2hhdGEtdWF0IiwiYXV0aF90aW1lIjoxNzE5OTg2OTA4LCJ1c2VyX2lkIjoiT1JodXR3eXNXUmMxamUwV2p2dW5ReE1iejlyMiIsInN1YiI6Ik9SaHV0d3lzV1JjMWplMFdqdnVuUXhNYno5cjIiLCJpYXQiOjE3MTk5ODY5MDgsImV4cCI6MTcxOTk5MDUwOCwicGhvbmVfbnVtYmVyIjoiKzkxNzE3MTcxNzE3MSIsImZpcmViYXNlIjp7ImlkZW50aXRpZXMiOnsicGhvbmUiOlsiKzkxNzE3MTcxNzE3MSJdfSwic2lnbl9pbl9wcm92aWRlciI6InBob25lIn19.Zy0hX-So0D9Hr1e5hZI70a5LKAIk3oieHEhzxnHmKGmId8dog74LMRcJkRH_NDtwIeaA5a-DK3B1Dd--DKSGkMIYiZKC5m-ivGvESdb-1OHecQH1ewSqTsrvF6SdDZ4AWuOF89KySbNHR9WYM0wWn-5kB4LhKOcgolL0LNmOUwCATD2LE3JguHGhn05TMeSUup4rG4zreKXTSVS0YucxTqjluIKt54sN2HoIdkXxD_2SC0FxcODoMXAbeyMrr5Xag25O_dbliUo8YXCNvKG-u0s_9K2DBWtdx5mKrwhr8qLKV-MTZasWs6rLqFLKXgIhMFKgbMfM7Rp8xWxaKW8faA",
    "refreshToken": "AMf-vBzt3rUOf-I1iDP57ZhgKd8WpOG9MXg_mmWWeMckOsKavt_9__79YJhvfHy1XaXkgpAcwKPuzcdGiAs1BkK3Gh28MvrOkvABTqgmxJ27V_7CkTElLtejKH_IS9MooZJRQ7TK9ZqoRqQ8_rxw3GeNBqVmZ1SEDGA9UmAcHsbKi06XI89DbErNoJk9bLAg1MYQ6XtpDxc9FtSyzCU_yIF_DtmHreysJw",
    "expiresIn": "3600",
    "localId": "ORhutwysWRc1je0WjvunQxMbz9r2",
    "isNewUser": false,
    "phoneNumber": "+917171717171"
}
{
  "idToken": "eyJhbGciOiJSUzI1NiIsImtpZCI6Ijc5M2Y3N2Q0N2ViOTBiZjRiYTA5YjBiNWFkYzk2ODRlZTg1NzJlZTYiLCJ0eXAiOiJKV1QifQ.eyJuYW1lIjoiYmsgdGVzdCIsInBpY3R1cmUiOiJodHRwczovL3VhdC1hc3NldHMuYmhhcmF0a2hhdGEuY29tL2VlODcxYmM2LTNmOGYtNDg1MC04N2Y1LTlkZmY0NDg1YmY4OC5qcGciLCJpc3MiOiJodHRwczovL3NlY3VyZXRva2VuLmdvb2dsZS5jb20vYmhhcmF0a2hhdGEtdWF0IiwiYXVkIjoiYmhhcmF0a2hhdGEtdWF0IiwiYXV0aF90aW1lIjoxNzE5OTg2OTA4LCJ1c2VyX2lkIjoiT1JodXR3eXNXUmMxamUwV2p2dW5ReE1iejlyMiIsInN1YiI6Ik9SaHV0d3lzV1JjMWplMFdqdnVuUXhNYno5cjIiLCJpYXQiOjE3MTk5ODY5MDgsImV4cCI6MTcxOTk5MDUwOCwicGhvbmVfbnVtYmVyIjoiKzkxNzE3MTcxNzE3MSIsImZpcmViYXNlIjp7ImlkZW50aXRpZXMiOnsicGhvbmUiOlsiKzkxNzE3MTcxNzE3MSJdfSwic2lnbl9pbl9wcm92aWRlciI6InBob25lIn19.Zy0hX-So0D9Hr1e5hZI70a5LKAIk3oieHEhzxnHmKGmId8dog74LMRcJkRH_NDtwIeaA5a-DK3B1Dd--DKSGkMIYiZKC5m-ivGvESdb-1OHecQH1ewSqTsrvF6SdDZ4AWuOF89KySbNHR9WYM0wWn-5kB4LhKOcgolL0LNmOUwCATD2LE3JguHGhn05TMeSUup4rG4zreKXTSVS0YucxTqjluIKt54sN2HoIdkXxD_2SC0FxcODoMXAbeyMrr5Xag25O_dbliUo8YXCNvKG-u0s_9K2DBWtdx5mKrwhr8qLKV-MTZasWs6rLqFLKXgIhMFKgbMfM7Rp8xWxaKW8faA",
  "refreshToken": "AMf-vBzt3rUOf-I1iDP57ZhgKd8WpOG9MXg_mmWWeMckOsKavt_9__79YJhvfHy1XaXkgpAcwKPuzcdGiAs1BkK3Gh28MvrOkvABTqgmxJ27V_7CkTElLtejKH_IS9MooZJRQ7TK9ZqoRqQ8_rxw3GeNBqVmZ1SEDGA9UmAcHsbKi06XI89DbErNoJk9bLAg1MYQ6XtpDxc9FtSyzCU_yIF_DtmHreysJw",
  "expiresIn": "3600",
  "localId": "ORhutwysWRc1je0WjvunQxMbz9r2",
  "isNewUser": false,
  "phoneNumber": "+917171717171"
}

HTTP/1.1 200 OK
Content-Type: application/json; charset=utf-8
Content-Length: 70
Connection: keep-alive
Date: Wed, 03 Jul 2024 06:08:30 GMT
x-amzn-RequestId: c7e6d923-ff5e-4ff3-a55a-5f671adf8d32
x-amzn-Remapped-content-length: 70
x-amzn-Remapped-connection: keep-alive
x-amz-apigw-id: aUmikGPsBcwEOOg=
etag: W/"46-Ts0MIFMko4OJ/uItw7ba2RdztNU"
x-powered-by: Express
X-Amzn-Trace-Id: Root=1-6684eadc-236a1ace0bdc64e54a8b99d8
x-amzn-Remapped-date: Wed, 03 Jul 2024 06:08:30 GMT
X-Cache: Miss from cloudfront
Via: 1.1 d8ce705b755554c52f010dcc8577f170.cloudfront.net (CloudFront)
X-Amz-Cf-Pop: BLR50-C3
X-Amz-Cf-Id: 8m_zdAKa2bRN4cC11bqAn8o7jJV1bAeoFSA0dnM-2Z_tWq17JnEd2Q==

{
    "link": "uat.bkha.in/GvVi-a",
    "repaymentId": "6684eaddb1a66296296621a6"
}
HTTP/1.1 200 OK
Content-Type: application/json; charset=utf-8
Content-Length: 37
Connection: keep-alive
Date: Wed, 03 Jul 2024 06:08:31 GMT
x-amzn-RequestId: 1bebf024-00fe-4f4d-a42d-ad1b79b3a744
x-dns-prefetch-control: off
x-xss-protection: 1; mode=block
access-control-allow-origin: *
strict-transport-security: max-age=15552000; includeSubDomains
x-frame-options: SAMEORIGIN
x-amzn-Remapped-content-length: 37
x-download-options: noopen
x-amz-apigw-id: aUmizHNeBcwECJQ=
x-content-type-options: nosniff
etag: W/"25-uXMDEq2V6vaiphppLfzAGJsumXA"
request-id: b9231a68-b46f-4aba-b76a-bc5765c04131
X-Amzn-Trace-Id: Root=1-6684eade-706c49141825543e2d485959
X-Cache: Miss from cloudfront
Via: 1.1 fae368099713718ce5bc8ad14b40153c.cloudfront.net (CloudFront)
X-Amz-Cf-Pop: PNQ50-P3
X-Amz-Cf-Id: mUcAea3JCXN1BWnbfAEUibyxD3SAJI6ScHISKz_WCFyYaKTpBnXecA==

{
    "url": "https://rzp.io/i/ZRfbxdGoNb"
}
HTTP/1.1 200 OK
Content-Type: text/html; charset=utf-8
Content-Length: 32
Connection: keep-alive
Date: Wed, 03 Jul 2024 06:08:32 GMT
x-amzn-RequestId: ac0c5ecc-5e8e-4cd6-9fdf-df4d98ba8832
x-dns-prefetch-control: off
x-xss-protection: 1; mode=block
access-control-allow-origin: *
strict-transport-security: max-age=15552000; includeSubDomains
x-frame-options: SAMEORIGIN
x-amzn-Remapped-content-length: 32
x-download-options: noopen
x-amz-apigw-id: aUmjCFbehcwEL6A=
x-content-type-options: nosniff
etag: W/"20-2mw0XwO7+3AVgAr0Y2qp1TZTqdc"
X-Amzn-Trace-Id: Root=1-6684eadf-4a34236366a2e6df0f212da5
X-Cache: Miss from cloudfront
Via: 1.1 b146864501c843f650dd662a43cafdc2.cloudfront.net (CloudFront)
X-Amz-Cf-Pop: PNQ50-P3
X-Amz-Cf-Id: xP2L-4iXUQmUDBjp9HcIxadGPS693iryrARO3MiQXYot4zPIpsw66A==

<html>
  <body>Message was added Successfully!!</body>
</html>
Exection of BK Link PAYMENT is completed
]]></system-out>
  </testcase>
  <testcase name="testBkQrRepayment" classname="BasicsTest" time="2.329">
    <failure message="1 expectation failed.&#10;Expected status code &lt;200&gt; but was &lt;500&gt;.&#10;" type="java.lang.AssertionError"><![CDATA[java.lang.AssertionError: 
1 expectation failed.
Expected status code <200> but was <500>.

	at java.base/jdk.internal.reflect.DirectConstructorHandleAccessor.newInstance(DirectConstructorHandleAccessor.java:67)
	at java.base/java.lang.reflect.Constructor.newInstanceWithCaller(Constructor.java:500)
	at java.base/java.lang.reflect.Constructor.newInstance(Constructor.java:484)
	at org.codehaus.groovy.reflection.CachedConstructor.invoke(CachedConstructor.java:72)
	at org.codehaus.groovy.runtime.callsite.ConstructorSite$ConstructorSiteNoUnwrapNoCoerce.callConstructor(ConstructorSite.java:105)
	at org.codehaus.groovy.runtime.callsite.CallSiteArray.defaultCallConstructor(CallSiteArray.java:59)
	at org.codehaus.groovy.runtime.callsite.AbstractCallSite.callConstructor(AbstractCallSite.java:263)
	at org.codehaus.groovy.runtime.callsite.AbstractCallSite.callConstructor(AbstractCallSite.java:277)
	at io.restassured.internal.ResponseSpecificationImpl$HamcrestAssertionClosure.validate(ResponseSpecificationImpl.groovy:493)
	at io.restassured.internal.ResponseSpecificationImpl$HamcrestAssertionClosure$validate$1.call(Unknown Source)
	at io.restassured.internal.ResponseSpecificationImpl.validateResponseIfRequired(ResponseSpecificationImpl.groovy:674)
	at java.base/jdk.internal.reflect.DirectMethodHandleAccessor.invoke(DirectMethodHandleAccessor.java:104)
	at java.base/java.lang.reflect.Method.invoke(Method.java:578)
	at org.codehaus.groovy.runtime.callsite.PlainObjectMetaMethodSite.doInvoke(PlainObjectMetaMethodSite.java:43)
	at org.codehaus.groovy.runtime.callsite.PogoMetaMethodSite$PogoCachedMethodSiteNoUnwrapNoCoerce.invoke(PogoMetaMethodSite.java:193)
	at org.codehaus.groovy.runtime.callsite.PogoMetaMethodSite.callCurrent(PogoMetaMethodSite.java:61)
	at org.codehaus.groovy.runtime.callsite.AbstractCallSite.callCurrent(AbstractCallSite.java:185)
	at io.restassured.internal.ResponseSpecificationImpl.statusCode(ResponseSpecificationImpl.groovy:126)
	at io.restassured.specification.ResponseSpecification$statusCode$0.callCurrent(Unknown Source)
	at io.restassured.internal.ResponseSpecificationImpl.statusCode(ResponseSpecificationImpl.groovy:134)
	at io.restassured.internal.ValidatableResponseOptionsImpl.statusCode(ValidatableResponseOptionsImpl.java:89)
	at io.restassured.internal.ValidatableResponseImpl.super$2$statusCode(ValidatableResponseImpl.groovy)
	at java.base/jdk.internal.reflect.DirectMethodHandleAccessor.invoke(DirectMethodHandleAccessor.java:104)
	at java.base/java.lang.reflect.Method.invoke(Method.java:578)
	at org.codehaus.groovy.reflection.CachedMethod.invoke(CachedMethod.java:107)
	at groovy.lang.MetaMethod.doMethodInvoke(MetaMethod.java:323)
	at groovy.lang.MetaClassImpl.invokeMethod(MetaClassImpl.java:1268)
	at org.codehaus.groovy.runtime.ScriptBytecodeAdapter.invokeMethodOnSuperN(ScriptBytecodeAdapter.java:144)
	at io.restassured.internal.ValidatableResponseImpl.statusCode(ValidatableResponseImpl.groovy:142)
	at io.restassured.internal.ValidatableResponseImpl.statusCode(ValidatableResponseImpl.groovy)
	at files.payload.bkQrRepayment(payload.java:189)
	at BasicsTest.testBkQrRepayment(BasicsTest.java:83)
	at java.base/jdk.internal.reflect.DirectMethodHandleAccessor.invoke(DirectMethodHandleAccessor.java:104)
	at java.base/java.lang.reflect.Method.invoke(Method.java:578)
	at org.testng.internal.MethodInvocationHelper.invokeMethod(MethodInvocationHelper.java:133)
	at org.testng.internal.TestInvoker.invokeMethod(TestInvoker.java:598)
	at org.testng.internal.TestInvoker.invokeTestMethod(TestInvoker.java:173)
	at org.testng.internal.MethodRunner.runInSequence(MethodRunner.java:46)
	at org.testng.internal.TestInvoker$MethodInvocationAgent.invoke(TestInvoker.java:824)
	at org.testng.internal.TestInvoker.invokeTestMethods(TestInvoker.java:146)
	at org.testng.internal.TestMethodWorker.invokeTestMethods(TestMethodWorker.java:146)
	at org.testng.internal.TestMethodWorker.run(TestMethodWorker.java:128)
	at java.base/java.util.ArrayList.forEach(ArrayList.java:1511)
	at org.testng.TestRunner.privateRun(TestRunner.java:794)
	at org.testng.TestRunner.run(TestRunner.java:596)
	at org.testng.SuiteRunner.runTest(SuiteRunner.java:377)
	at org.testng.SuiteRunner.runSequentially(SuiteRunner.java:371)
	at org.testng.SuiteRunner.privateRun(SuiteRunner.java:332)
	at org.testng.SuiteRunner.run(SuiteRunner.java:276)
	at org.testng.SuiteRunnerWorker.runSuite(SuiteRunnerWorker.java:53)
	at org.testng.SuiteRunnerWorker.run(SuiteRunnerWorker.java:96)
	at org.testng.TestNG.runSuitesSequentially(TestNG.java:1212)
	at org.testng.TestNG.runSuitesLocally(TestNG.java:1134)
	at org.testng.TestNG.runSuites(TestNG.java:1063)
	at org.testng.TestNG.run(TestNG.java:1031)
	at org.apache.maven.surefire.testng.TestNGExecutor.run(TestNGExecutor.java:155)
	at org.apache.maven.surefire.testng.TestNGDirectoryTestSuite.executeSingleClass(TestNGDirectoryTestSuite.java:102)
	at org.apache.maven.surefire.testng.TestNGDirectoryTestSuite.execute(TestNGDirectoryTestSuite.java:91)
	at org.apache.maven.surefire.testng.TestNGProvider.invoke(TestNGProvider.java:137)
	at org.apache.maven.surefire.booter.ForkedBooter.runSuitesInProcess(ForkedBooter.java:385)
	at org.apache.maven.surefire.booter.ForkedBooter.execute(ForkedBooter.java:162)
	at org.apache.maven.surefire.booter.ForkedBooter.run(ForkedBooter.java:507)
	at org.apache.maven.surefire.booter.ForkedBooter.main(ForkedBooter.java:495)
]]></failure>
    <system-out><![CDATA[HTTP/1.1 200 OK
Content-Type: application/json; charset=UTF-8
Vary: Origin
Vary: X-Origin
Vary: Referer
Content-Encoding: gzip
Date: Wed, 03 Jul 2024 06:08:32 GMT
Server: ESF
Cache-Control: private
X-XSS-Protection: 0
X-Frame-Options: SAMEORIGIN
X-Content-Type-Options: nosniff
Alt-Svc: h3=":443"; ma=2592000,h3-29=":443"; ma=2592000
Transfer-Encoding: chunked

{
    "sessionInfo": "AD8T5ItvVoM3Zy92ve9Xe3hREV3wwAV4M5gjFfa5XCyrG3VWVx4wRnkaZ8vxvUlZnFtTYRUteXT0OJC6jukZxSbiBY6qt-YOgySnMNVUHniVqktyJPNXGHC5fJbapBMxaV5WF7iph9KvfEkvFILz1gqFo9rO87Mm4A"
}
HTTP/1.1 200 OK
Content-Type: application/json; charset=UTF-8
Vary: Origin
Vary: X-Origin
Vary: Referer
Content-Encoding: gzip
Date: Wed, 03 Jul 2024 06:08:33 GMT
Server: ESF
Cache-Control: private
X-XSS-Protection: 0
X-Frame-Options: SAMEORIGIN
X-Content-Type-Options: nosniff
Alt-Svc: h3=":443"; ma=2592000,h3-29=":443"; ma=2592000
Transfer-Encoding: chunked

{
    "idToken": "eyJhbGciOiJSUzI1NiIsImtpZCI6Ijc5M2Y3N2Q0N2ViOTBiZjRiYTA5YjBiNWFkYzk2ODRlZTg1NzJlZTYiLCJ0eXAiOiJKV1QifQ.eyJuYW1lIjoiYmsgdGVzdCIsInBpY3R1cmUiOiJodHRwczovL3VhdC1hc3NldHMuYmhhcmF0a2hhdGEuY29tL2VlODcxYmM2LTNmOGYtNDg1MC04N2Y1LTlkZmY0NDg1YmY4OC5qcGciLCJpc3MiOiJodHRwczovL3NlY3VyZXRva2VuLmdvb2dsZS5jb20vYmhhcmF0a2hhdGEtdWF0IiwiYXVkIjoiYmhhcmF0a2hhdGEtdWF0IiwiYXV0aF90aW1lIjoxNzE5OTg2OTEzLCJ1c2VyX2lkIjoiT1JodXR3eXNXUmMxamUwV2p2dW5ReE1iejlyMiIsInN1YiI6Ik9SaHV0d3lzV1JjMWplMFdqdnVuUXhNYno5cjIiLCJpYXQiOjE3MTk5ODY5MTMsImV4cCI6MTcxOTk5MDUxMywicGhvbmVfbnVtYmVyIjoiKzkxNzE3MTcxNzE3MSIsImZpcmViYXNlIjp7ImlkZW50aXRpZXMiOnsicGhvbmUiOlsiKzkxNzE3MTcxNzE3MSJdfSwic2lnbl9pbl9wcm92aWRlciI6InBob25lIn19.koQ_uX8tifs8NyvX8IqxceIy4sQypAOLbFHtDe3iYk4Imn071XNDcbdgGDNOGnyBdPhwluECGect2nIuHmNEANhxDyzrkvubyn5iLfbo0T38P8AmOdC_mmJ_UBu9Phz-TA7iUi6IInElisE6gpASsPYJKk09O584XapswDN_H-xAeE4lL8etmXPAls1jXoc3bW-X7aGhCMTn6ygMybWwRVmki42x5y6ahkwRQv-83kKnITPBi5mJdFCgDQW6wHg00zZYS3qfchzlrW-Eq4h73BE2ZQZqRNDvLUIdLH-rg38v80uFDSm8tq1sf_Jj1CIJ_Ps5f-k48j92jco4uM7XUw",
    "refreshToken": "AMf-vBwhnOokrir1pLvAM91pbsXYrTcRl1n6P57iGZfEluLrPuV9THwW5BVTdRSC3CZ0qZ0S-Y23S51E1ZxZxtrO4BtOERJyJvM-tZBbgz_nAqGkm08D1j2fAEGSd1pCxaLNb3YfWwh-OJUeKOrWkC0-s4-11VDS1yLRU59pwAs2XutAUT4gOWICzasDmSrYROLpGOoWQ39qXh3JRKe_y1nyxPIVp2gpRQ",
    "expiresIn": "3600",
    "localId": "ORhutwysWRc1je0WjvunQxMbz9r2",
    "isNewUser": false,
    "phoneNumber": "+917171717171"
}
{
  "idToken": "eyJhbGciOiJSUzI1NiIsImtpZCI6Ijc5M2Y3N2Q0N2ViOTBiZjRiYTA5YjBiNWFkYzk2ODRlZTg1NzJlZTYiLCJ0eXAiOiJKV1QifQ.eyJuYW1lIjoiYmsgdGVzdCIsInBpY3R1cmUiOiJodHRwczovL3VhdC1hc3NldHMuYmhhcmF0a2hhdGEuY29tL2VlODcxYmM2LTNmOGYtNDg1MC04N2Y1LTlkZmY0NDg1YmY4OC5qcGciLCJpc3MiOiJodHRwczovL3NlY3VyZXRva2VuLmdvb2dsZS5jb20vYmhhcmF0a2hhdGEtdWF0IiwiYXVkIjoiYmhhcmF0a2hhdGEtdWF0IiwiYXV0aF90aW1lIjoxNzE5OTg2OTEzLCJ1c2VyX2lkIjoiT1JodXR3eXNXUmMxamUwV2p2dW5ReE1iejlyMiIsInN1YiI6Ik9SaHV0d3lzV1JjMWplMFdqdnVuUXhNYno5cjIiLCJpYXQiOjE3MTk5ODY5MTMsImV4cCI6MTcxOTk5MDUxMywicGhvbmVfbnVtYmVyIjoiKzkxNzE3MTcxNzE3MSIsImZpcmViYXNlIjp7ImlkZW50aXRpZXMiOnsicGhvbmUiOlsiKzkxNzE3MTcxNzE3MSJdfSwic2lnbl9pbl9wcm92aWRlciI6InBob25lIn19.koQ_uX8tifs8NyvX8IqxceIy4sQypAOLbFHtDe3iYk4Imn071XNDcbdgGDNOGnyBdPhwluECGect2nIuHmNEANhxDyzrkvubyn5iLfbo0T38P8AmOdC_mmJ_UBu9Phz-TA7iUi6IInElisE6gpASsPYJKk09O584XapswDN_H-xAeE4lL8etmXPAls1jXoc3bW-X7aGhCMTn6ygMybWwRVmki42x5y6ahkwRQv-83kKnITPBi5mJdFCgDQW6wHg00zZYS3qfchzlrW-Eq4h73BE2ZQZqRNDvLUIdLH-rg38v80uFDSm8tq1sf_Jj1CIJ_Ps5f-k48j92jco4uM7XUw",
  "refreshToken": "AMf-vBwhnOokrir1pLvAM91pbsXYrTcRl1n6P57iGZfEluLrPuV9THwW5BVTdRSC3CZ0qZ0S-Y23S51E1ZxZxtrO4BtOERJyJvM-tZBbgz_nAqGkm08D1j2fAEGSd1pCxaLNb3YfWwh-OJUeKOrWkC0-s4-11VDS1yLRU59pwAs2XutAUT4gOWICzasDmSrYROLpGOoWQ39qXh3JRKe_y1nyxPIVp2gpRQ",
  "expiresIn": "3600",
  "localId": "ORhutwysWRc1je0WjvunQxMbz9r2",
  "isNewUser": false,
  "phoneNumber": "+917171717171"
}

HTTP/1.1 200 OK
Content-Type: application/json; charset=utf-8
Content-Length: 82
Connection: keep-alive
Date: Wed, 03 Jul 2024 06:08:34 GMT
x-amzn-RequestId: 786e6cf5-5b34-4fe9-bcb9-f46caffd9619
x-amzn-Remapped-content-length: 82
x-amzn-Remapped-connection: keep-alive
x-amz-apigw-id: aUmjSEL8BcwEaMA=
etag: W/"52-FD+wELoeiqqOu4a9zzJopZzSUe0"
x-powered-by: Express
X-Amzn-Trace-Id: Root=1-6684eae1-43d5199a3cea262b7a9f1cde
x-amzn-Remapped-date: Wed, 03 Jul 2024 06:08:34 GMT
X-Cache: Miss from cloudfront
Via: 1.1 33c2a06b944e6aed8f63725bf76377d0.cloudfront.net (CloudFront)
X-Amz-Cf-Pop: BLR50-C3
X-Amz-Cf-Id: bXG4xnHtGUs32DrWF9VLIUR7BlCsCNCBqByJHvfKz44IjD8r41hxBw==

{
    "repaymentId": "6684eae1b1a66296296621a7",
    "loanApplicationId": "JKFPO202405579132"
}
HTTP/1.1 500 Internal Server Error
Content-Type: application/json; charset=utf-8
Content-Length: 35
Connection: keep-alive
Date: Wed, 03 Jul 2024 06:08:34 GMT
x-amzn-RequestId: 5382e917-e7d9-495c-8413-01c9eb37037d
x-amzn-Remapped-content-length: 35
x-amzn-Remapped-connection: keep-alive
x-amz-apigw-id: aUmjZF_bhcwEQ4w=
etag: W/"23-OBw6E4FLjYQt4mo8ArqhWH0VGJs"
x-powered-by: Express
X-Amzn-Trace-Id: Root=1-6684eae2-2994dce45ce3ecc3474b40ad
x-amzn-Remapped-date: Wed, 03 Jul 2024 06:08:34 GMT
X-Cache: Error from cloudfront
Via: 1.1 1dcc49a23bc120bacea6908705181f58.cloudfront.net (CloudFront)
X-Amz-Cf-Pop: BLR50-C3
X-Amz-Cf-Id: mgmDphYsEHj9LoZpXMS5U2ShpyAcxQB4xt8gI59boqqlJgg9HN-CBw==

{
    "message": "Internal Server Error"
}
]]></system-out>
  </testcase>
  <testcase name="testCredgenicsBulkPayment" classname="BasicsTest" time="0.638">
    <system-out><![CDATA[2024-07-03
HTTP/1.1 200 OK
Content-Type: application/json; charset=utf-8
Content-Length: 119
Connection: keep-alive
Date: Wed, 03 Jul 2024 06:08:35 GMT
x-amzn-RequestId: e0461e39-ec95-4774-a522-befd8dc0f8c5
x-dns-prefetch-control: off
x-xss-protection: 1; mode=block
access-control-allow-origin: *
strict-transport-security: max-age=15552000; includeSubDomains
x-frame-options: SAMEORIGIN
x-amzn-Remapped-content-length: 119
x-download-options: noopen
x-amz-apigw-id: aUmjfH1KhcwEN5g=
x-content-type-options: nosniff
etag: W/"77-lCrSWaKDozgJSJ2wnRTx+UyI+bc"
X-Amzn-Trace-Id: Root=1-6684eae2-3ba72f096e645ff739c36ef4
X-Cache: Miss from cloudfront
Via: 1.1 ee48c5c8cb3bf2c2ba03d6958a2c2514.cloudfront.net (CloudFront)
X-Amz-Cf-Pop: PNQ50-P3
X-Amz-Cf-Id: c1aOdr1HgUmR7TZu52ml3owpk2NQ-62b7LhgVayks5Y1-JSUbBFBBA==

{
    "success": true,
    "requestId": "1212f869-c0bf-456e-8e4d-b38c1b0a4601-JKFPO202405579132",
    "time": "2024-07-03T06:08:35.159Z"
}
Execution of  Bulk payment comepleted
]]></system-out>
  </testcase>
  <testcase name="testExternalPayments" classname="BasicsTest" time="0.188">
    <system-out><![CDATA[HTTP/1.1 200 OK
Content-Type: text/html; charset=utf-8
Content-Length: 32
Connection: keep-alive
Date: Wed, 03 Jul 2024 06:08:35 GMT
x-amzn-RequestId: 2753a684-04b8-4988-a71e-db6ce85cf7c5
x-dns-prefetch-control: off
x-xss-protection: 1; mode=block
access-control-allow-origin: *
strict-transport-security: max-age=15552000; includeSubDomains
x-frame-options: SAMEORIGIN
x-amzn-Remapped-content-length: 32
x-download-options: noopen
x-amz-apigw-id: aUmjlGzuhcwEcUw=
x-content-type-options: nosniff
etag: W/"20-2mw0XwO7+3AVgAr0Y2qp1TZTqdc"
X-Amzn-Trace-Id: Root=1-6684eae3-54ac80737618c87518561353
X-Cache: Miss from cloudfront
Via: 1.1 8a9bb57ee563e7d4353229e732f1a7a4.cloudfront.net (CloudFront)
X-Amz-Cf-Pop: PNQ50-P3
X-Amz-Cf-Id: WUDL74ObJiIek5gxrHidNnj_HQFfmXSzlLCM6wYve8I67vS200HOVA==

<html>
  <body>Message was added Successfully!!</body>
</html>
Exection of EXTERNAL PAYMENT LINK PAYMENT is completed
]]></system-out>
  </testcase>
  <testcase name="testFosCashDeposit" classname="BasicsTest" time="0.478">
    <system-out><![CDATA[HTTP/1.1 200 OK
Content-Type: application/json; charset=utf-8
Content-Length: 111
Connection: keep-alive
Date: Wed, 03 Jul 2024 06:08:35 GMT
x-amzn-RequestId: e2c12c3a-7078-4c24-ab1b-7238befc303a
x-dns-prefetch-control: off
x-xss-protection: 1; mode=block
access-control-allow-origin: *
strict-transport-security: max-age=15552000; includeSubDomains
x-frame-options: SAMEORIGIN
x-amzn-Remapped-content-length: 111
x-download-options: noopen
x-amz-apigw-id: aUmjnFIjhcwEC6A=
x-content-type-options: nosniff
etag: W/"6f-Vt0Y/9tl/XuL8MxjxFEYcTguy/I"
X-Amzn-Trace-Id: Root=1-6684eae3-3520e36c1eabfb156a539861
X-Cache: Miss from cloudfront
Via: 1.1 f808b4721aab3b30d966665210e2fec0.cloudfront.net (CloudFront)
X-Amz-Cf-Pop: PNQ50-P3
X-Amz-Cf-Id: HmDaELW2SNV6yv5bpgyOUhDaQCOWeuiPSi0JzRsCKyDHmczlOcM4kg==

{
    "success": true,
    "requestId": "90570234-bab2-4a5c-bc65-33e14f25a780-undefined",
    "time": "2024-07-03T06:08:35.853Z"
}
Exection of FOS CASH PAYMENT is completed
]]></system-out>
  </testcase>
  <testcase name="testFosOnlineDeposit" classname="BasicsTest" time="0.441">
    <system-out><![CDATA[HTTP/1.1 200 OK
Content-Type: application/json; charset=utf-8
Content-Length: 111
Connection: keep-alive
Date: Wed, 03 Jul 2024 06:08:36 GMT
x-amzn-RequestId: ebc2f381-c228-4d44-8564-d5595bb31ed7
x-dns-prefetch-control: off
x-xss-protection: 1; mode=block
access-control-allow-origin: *
strict-transport-security: max-age=15552000; includeSubDomains
x-frame-options: SAMEORIGIN
x-amzn-Remapped-content-length: 111
x-download-options: noopen
x-amz-apigw-id: aUmjsFZzhcwEM-A=
x-content-type-options: nosniff
etag: W/"6f-XIBTyoAILIPxvPcoe8dskAvIuAQ"
X-Amzn-Trace-Id: Root=1-6684eae4-45c563b97d6610933bda42f5
X-Cache: Miss from cloudfront
Via: 1.1 8d91487152c0b9cf8002d1cc48ee7720.cloudfront.net (CloudFront)
X-Amz-Cf-Pop: PNQ50-P3
X-Amz-Cf-Id: Ucu1YjNKqs8Zv3ddYclFzwZkZMUmw6XeLpX7iIKqeIPBRPWBhWThgQ==

{
    "success": true,
    "requestId": "5d854160-820e-4a4f-bba0-f9998c459037-undefined",
    "time": "2024-07-03T06:08:36.311Z"
}
Exection of FOS ONLINE PAYMENT is completed
]]></system-out>
  </testcase>
  <testcase name="testVirtualAccountRepayment" classname="BasicsTest" time="0.27">
    <system-out><![CDATA[HTTP/1.1 200 OK
Content-Type: text/html; charset=utf-8
Content-Length: 32
Connection: keep-alive
Date: Wed, 03 Jul 2024 06:08:36 GMT
x-amzn-RequestId: e86a5648-2d63-4c14-9ae3-a6765de06073
x-dns-prefetch-control: off
x-xss-protection: 1; mode=block
access-control-allow-origin: *
strict-transport-security: max-age=15552000; includeSubDomains
x-frame-options: SAMEORIGIN
x-amzn-Remapped-content-length: 32
x-download-options: noopen
x-amz-apigw-id: aUmjwGalhcwEEjg=
x-content-type-options: nosniff
etag: W/"20-2mw0XwO7+3AVgAr0Y2qp1TZTqdc"
X-Amzn-Trace-Id: Root=1-6684eae4-24c3ba0904f28bbf22a9d21c
X-Cache: Miss from cloudfront
Via: 1.1 7a2bb41fb6e55d1760283f393452be3c.cloudfront.net (CloudFront)
X-Amz-Cf-Pop: PNQ50-P3
X-Amz-Cf-Id: PQjRQjvkJfhfxnxz_XFZUKIxSVv2Njmy_UIUAGmwAEho_hB4g2Qnaw==

<html>
  <body>Message was added Successfully!!</body>
</html>
Exection of VIRTUAL BANK PAYMENT is completed
]]></system-out>
  </testcase>
</testsuite>